2019-07-09 16:23:50.888  INFO 6484 --- [main] com.example.bms.BmsApplication           : Starting BmsApplication on Dhalia-PC-15 with PID 6484 (D:\spring\bms\target\classes started by Anagha in D:\spring\bms)
2019-07-09 16:23:50.901  INFO 6484 --- [main] com.example.bms.BmsApplication           : No active profile set, falling back to default profiles: default
2019-07-09 16:23:51.714  WARN 6484 --- [main] o.m.s.mapper.ClassPathMapperScanner      : No MyBatis mapper was found in '[com.example.bms]' package. Please check your configuration.
2019-07-09 16:23:51.747  INFO 6484 --- [main] .s.d.r.c.RepositoryConfigurationDelegate : Bootstrapping Spring Data repositories in DEFAULT mode.
2019-07-09 16:23:51.760  INFO 6484 --- [main] .s.d.r.c.RepositoryConfigurationDelegate : Finished Spring Data repository scanning in 6ms. Found 0 repository interfaces.
2019-07-09 16:23:52.084  INFO 6484 --- [main] trationDelegate$BeanPostProcessorChecker : Bean 'org.springframework.transaction.annotation.ProxyTransactionManagementConfiguration' of type [org.springframework.transaction.annotation.ProxyTransactionManagementConfiguration$$EnhancerBySpringCGLIB$$69d8c71e] is not eligible for getting processed by all BeanPostProcessors (for example: not eligible for auto-proxying)
2019-07-09 16:23:53.042  INFO 6484 --- [main] o.s.b.w.embedded.tomcat.TomcatWebServer  : Tomcat initialized with port(s): 9095 (http)
2019-07-09 16:23:53.061  INFO 6484 --- [main] o.apache.catalina.core.StandardService   : Starting service [Tomcat]
2019-07-09 16:23:53.061  INFO 6484 --- [main] org.apache.catalina.core.StandardEngine  : Starting Servlet engine: [Apache Tomcat/9.0.19]
2019-07-09 16:23:53.067  INFO 6484 --- [main] o.a.catalina.core.AprLifecycleListener   : Loaded APR based Apache Tomcat Native library [1.2.21] using APR version [1.6.5].
2019-07-09 16:23:53.068  INFO 6484 --- [main] o.a.catalina.core.AprLifecycleListener   : APR capabilities: IPv6 [true], sendfile [true], accept filters [false], random [true].
2019-07-09 16:23:53.068  INFO 6484 --- [main] o.a.catalina.core.AprLifecycleListener   : APR/OpenSSL configuration: useAprConnector [false], useOpenSSL [true]
2019-07-09 16:23:53.071  INFO 6484 --- [main] o.a.catalina.core.AprLifecycleListener   : OpenSSL successfully initialized [OpenSSL 1.1.1a  20 Nov 2018]
2019-07-09 16:23:53.162  INFO 6484 --- [main] o.a.c.c.C.[Tomcat].[localhost].[/]       : Initializing Spring embedded WebApplicationContext
2019-07-09 16:23:53.163  INFO 6484 --- [main] o.s.web.context.ContextLoader            : Root WebApplicationContext: initialization completed in 2228 ms
2019-07-09 16:23:53.317  INFO 6484 --- [main] com.zaxxer.hikari.HikariDataSource       : HikariPool-1 - Starting...
2019-07-09 16:23:53.778  INFO 6484 --- [main] com.zaxxer.hikari.HikariDataSource       : HikariPool-1 - Start completed.
2019-07-09 16:23:53.829  INFO 6484 --- [main] o.hibernate.jpa.internal.util.LogHelper  : HHH000204: Processing PersistenceUnitInfo [
	name: default
	...]
2019-07-09 16:23:53.883  INFO 6484 --- [main] org.hibernate.Version                    : HHH000412: Hibernate Core {5.3.10.Final}
2019-07-09 16:23:53.884  INFO 6484 --- [main] org.hibernate.cfg.Environment            : HHH000206: hibernate.properties not found
2019-07-09 16:23:53.996  INFO 6484 --- [main] o.hibernate.annotations.common.Version   : HCANN000001: Hibernate Commons Annotations {5.0.4.Final}
2019-07-09 16:23:54.288  INFO 6484 --- [main] org.hibernate.dialect.Dialect            : HHH000400: Using dialect: org.hibernate.dialect.MySQL5Dialect
2019-07-09 16:23:55.011  INFO 6484 --- [main] j.LocalContainerEntityManagerFactoryBean : Initialized JPA EntityManagerFactory for persistence unit 'default'
2019-07-09 16:23:55.292  WARN 6484 --- [main] aWebConfiguration$JpaWebMvcConfiguration : spring.jpa.open-in-view is enabled by default. Therefore, database queries may be performed during view rendering. Explicitly configure spring.jpa.open-in-view to disable this warning
2019-07-09 16:23:55.414  INFO 6484 --- [main] pertySourcedRequestMappingHandlerMapping : Mapped URL path [/v2/api-docs] onto method [public org.springframework.http.ResponseEntity<springfox.documentation.spring.web.json.Json> springfox.documentation.swagger2.web.Swagger2Controller.getDocumentation(java.lang.String,javax.servlet.http.HttpServletRequest)]
2019-07-09 16:23:55.545  INFO 6484 --- [main] o.s.s.concurrent.ThreadPoolTaskExecutor  : Initializing ExecutorService 'applicationTaskExecutor'
2019-07-09 16:24:11.063  INFO 6484 --- [main] .s.s.UserDetailsServiceAutoConfiguration : 

Using generated security password: b92a0fea-f19f-4a56-bb48-07e132c07109

2019-07-09 16:24:12.474  INFO 6484 --- [main] o.s.s.web.DefaultSecurityFilterChain     : Creating filter chain: OrRequestMatcher [requestMatchers=[Ant [pattern='/bms']]], [org.springframework.security.web.context.request.async.WebAsyncManagerIntegrationFilter@3cead673, org.springframework.security.web.context.SecurityContextPersistenceFilter@3129299f, org.springframework.security.web.header.HeaderWriterFilter@4fedf908, org.springframework.security.web.csrf.CsrfFilter@54234569, org.springframework.security.web.authentication.logout.LogoutFilter@5a7e81, org.springframework.security.web.savedrequest.RequestCacheAwareFilter@4fdac2a7, org.springframework.security.web.servletapi.SecurityContextHolderAwareRequestFilter@6ebbc06, org.springframework.security.web.authentication.AnonymousAuthenticationFilter@53ba25ff, org.springframework.security.web.session.SessionManagementFilter@17befef0, org.springframework.security.web.access.ExceptionTranslationFilter@75805562]
2019-07-09 16:24:12.811  INFO 6484 --- [main] d.s.w.p.DocumentationPluginsBootstrapper : Context refreshed
2019-07-09 16:24:15.412  INFO 6484 --- [main] d.s.w.p.DocumentationPluginsBootstrapper : Found 1 custom documentation plugin(s)
2019-07-09 16:24:16.078  INFO 6484 --- [main] s.d.s.w.s.ApiListingReferenceScanner     : Scanning for api listing references
2019-07-09 16:24:25.821  INFO 6484 --- [main] o.s.b.w.embedded.tomcat.TomcatWebServer  : Tomcat started on port(s): 9095 (http) with context path ''
2019-07-09 16:24:25.828  INFO 6484 --- [main] com.example.bms.BmsApplication           : Started BmsApplication in 35.228 seconds (JVM running for 35.716)
2019-07-09 16:24:52.122  INFO 6484 --- [http-nio-9095-exec-1] o.a.c.c.C.[Tomcat].[localhost].[/]       : Initializing Spring DispatcherServlet 'dispatcherServlet'
2019-07-09 16:24:52.123  INFO 6484 --- [http-nio-9095-exec-1] o.s.web.servlet.DispatcherServlet        : Initializing Servlet 'dispatcherServlet'
2019-07-09 16:24:53.547  INFO 6484 --- [http-nio-9095-exec-1] o.s.web.servlet.DispatcherServlet        : Completed initialization in 1424 ms
2019-07-09 16:27:13.012  INFO 6484 --- [http-nio-9095-exec-3] com.bms.controller.MultiplexController   : searchMovieByActor:{}1
2019-07-09 16:37:51.665  INFO 6484 --- [RMI TCP Connection(2)-127.0.0.1] inMXBeanRegistrar$SpringApplicationAdmin : Application shutdown requested.
2019-07-09 16:37:51.678  INFO 6484 --- [RMI TCP Connection(2)-127.0.0.1] o.s.s.concurrent.ThreadPoolTaskExecutor  : Shutting down ExecutorService 'applicationTaskExecutor'
2019-07-09 16:37:51.680  INFO 6484 --- [RMI TCP Connection(2)-127.0.0.1] j.LocalContainerEntityManagerFactoryBean : Closing JPA EntityManagerFactory for persistence unit 'default'
2019-07-09 16:37:51.683  INFO 6484 --- [RMI TCP Connection(2)-127.0.0.1] com.zaxxer.hikari.HikariDataSource       : HikariPool-1 - Shutdown initiated...
2019-07-09 16:37:51.688  INFO 6484 --- [RMI TCP Connection(2)-127.0.0.1] com.zaxxer.hikari.HikariDataSource       : HikariPool-1 - Shutdown completed.
2019-07-09 16:39:38.375  INFO 9620 --- [main] com.example.bms.BmsApplication           : Starting BmsApplication on Dhalia-PC-15 with PID 9620 (D:\spring\bms\target\classes started by Anagha in D:\spring\bms)
2019-07-09 16:39:38.386  INFO 9620 --- [main] com.example.bms.BmsApplication           : No active profile set, falling back to default profiles: default
2019-07-09 16:39:39.151  WARN 9620 --- [main] o.m.s.mapper.ClassPathMapperScanner      : No MyBatis mapper was found in '[com.example.bms]' package. Please check your configuration.
2019-07-09 16:39:39.183  INFO 9620 --- [main] .s.d.r.c.RepositoryConfigurationDelegate : Bootstrapping Spring Data repositories in DEFAULT mode.
2019-07-09 16:39:39.196  INFO 9620 --- [main] .s.d.r.c.RepositoryConfigurationDelegate : Finished Spring Data repository scanning in 7ms. Found 0 repository interfaces.
2019-07-09 16:39:39.476  INFO 9620 --- [main] trationDelegate$BeanPostProcessorChecker : Bean 'org.springframework.transaction.annotation.ProxyTransactionManagementConfiguration' of type [org.springframework.transaction.annotation.ProxyTransactionManagementConfiguration$$EnhancerBySpringCGLIB$$d595c632] is not eligible for getting processed by all BeanPostProcessors (for example: not eligible for auto-proxying)
2019-07-09 16:39:39.847  INFO 9620 --- [main] o.s.b.w.embedded.tomcat.TomcatWebServer  : Tomcat initialized with port(s): 9095 (http)
2019-07-09 16:39:39.868  INFO 9620 --- [main] o.apache.catalina.core.StandardService   : Starting service [Tomcat]
2019-07-09 16:39:39.869  INFO 9620 --- [main] org.apache.catalina.core.StandardEngine  : Starting Servlet engine: [Apache Tomcat/9.0.19]
2019-07-09 16:39:39.875  INFO 9620 --- [main] o.a.catalina.core.AprLifecycleListener   : Loaded APR based Apache Tomcat Native library [1.2.21] using APR version [1.6.5].
2019-07-09 16:39:39.875  INFO 9620 --- [main] o.a.catalina.core.AprLifecycleListener   : APR capabilities: IPv6 [true], sendfile [true], accept filters [false], random [true].
2019-07-09 16:39:39.875  INFO 9620 --- [main] o.a.catalina.core.AprLifecycleListener   : APR/OpenSSL configuration: useAprConnector [false], useOpenSSL [true]
2019-07-09 16:39:39.879  INFO 9620 --- [main] o.a.catalina.core.AprLifecycleListener   : OpenSSL successfully initialized [OpenSSL 1.1.1a  20 Nov 2018]
2019-07-09 16:39:39.995  INFO 9620 --- [main] o.a.c.c.C.[Tomcat].[localhost].[/]       : Initializing Spring embedded WebApplicationContext
2019-07-09 16:39:39.995  INFO 9620 --- [main] o.s.web.context.ContextLoader            : Root WebApplicationContext: initialization completed in 1577 ms
2019-07-09 16:39:40.147  INFO 9620 --- [main] com.zaxxer.hikari.HikariDataSource       : HikariPool-1 - Starting...
2019-07-09 16:39:40.512  INFO 9620 --- [main] com.zaxxer.hikari.HikariDataSource       : HikariPool-1 - Start completed.
2019-07-09 16:39:40.559  INFO 9620 --- [main] o.hibernate.jpa.internal.util.LogHelper  : HHH000204: Processing PersistenceUnitInfo [
	name: default
	...]
2019-07-09 16:39:40.610  INFO 9620 --- [main] org.hibernate.Version                    : HHH000412: Hibernate Core {5.3.10.Final}
2019-07-09 16:39:40.611  INFO 9620 --- [main] org.hibernate.cfg.Environment            : HHH000206: hibernate.properties not found
2019-07-09 16:39:40.730  INFO 9620 --- [main] o.hibernate.annotations.common.Version   : HCANN000001: Hibernate Commons Annotations {5.0.4.Final}
2019-07-09 16:39:40.842  INFO 9620 --- [main] org.hibernate.dialect.Dialect            : HHH000400: Using dialect: org.hibernate.dialect.MySQL5Dialect
2019-07-09 16:39:41.476  INFO 9620 --- [main] j.LocalContainerEntityManagerFactoryBean : Initialized JPA EntityManagerFactory for persistence unit 'default'
2019-07-09 16:39:41.840  WARN 9620 --- [main] aWebConfiguration$JpaWebMvcConfiguration : spring.jpa.open-in-view is enabled by default. Therefore, database queries may be performed during view rendering. Explicitly configure spring.jpa.open-in-view to disable this warning
2019-07-09 16:39:41.982  INFO 9620 --- [main] pertySourcedRequestMappingHandlerMapping : Mapped URL path [/v2/api-docs] onto method [public org.springframework.http.ResponseEntity<springfox.documentation.spring.web.json.Json> springfox.documentation.swagger2.web.Swagger2Controller.getDocumentation(java.lang.String,javax.servlet.http.HttpServletRequest)]
2019-07-09 16:39:42.112  INFO 9620 --- [main] o.s.s.concurrent.ThreadPoolTaskExecutor  : Initializing ExecutorService 'applicationTaskExecutor'
2019-07-09 16:39:42.357  INFO 9620 --- [main] .s.s.UserDetailsServiceAutoConfiguration : 

Using generated security password: c570a209-4e01-4165-91d5-046d54cea708

2019-07-09 16:39:42.413  INFO 9620 --- [main] o.s.s.web.DefaultSecurityFilterChain     : Creating filter chain: OrRequestMatcher [requestMatchers=[Ant [pattern='/bms']]], [org.springframework.security.web.context.request.async.WebAsyncManagerIntegrationFilter@3e4f2300, org.springframework.security.web.context.SecurityContextPersistenceFilter@50672905, org.springframework.security.web.header.HeaderWriterFilter@4fdac2a7, org.springframework.security.web.csrf.CsrfFilter@6de33fde, org.springframework.security.web.authentication.logout.LogoutFilter@62883f8a, org.springframework.security.web.savedrequest.RequestCacheAwareFilter@58f290bc, org.springframework.security.web.servletapi.SecurityContextHolderAwareRequestFilter@341ccfd1, org.springframework.security.web.authentication.AnonymousAuthenticationFilter@e706aa, org.springframework.security.web.session.SessionManagementFilter@11015ca0, org.springframework.security.web.access.ExceptionTranslationFilter@3129299f]
2019-07-09 16:39:42.466  INFO 9620 --- [main] d.s.w.p.DocumentationPluginsBootstrapper : Context refreshed
2019-07-09 16:39:42.489  INFO 9620 --- [main] d.s.w.p.DocumentationPluginsBootstrapper : Found 1 custom documentation plugin(s)
2019-07-09 16:39:42.516  INFO 9620 --- [main] s.d.s.w.s.ApiListingReferenceScanner     : Scanning for api listing references
2019-07-09 16:39:42.716  INFO 9620 --- [main] o.s.b.w.embedded.tomcat.TomcatWebServer  : Tomcat started on port(s): 9095 (http) with context path ''
2019-07-09 16:39:42.719  INFO 9620 --- [main] com.example.bms.BmsApplication           : Started BmsApplication in 4.61 seconds (JVM running for 5.083)
2019-07-09 16:39:46.937  INFO 9620 --- [http-nio-9095-exec-1] o.a.c.c.C.[Tomcat].[localhost].[/]       : Initializing Spring DispatcherServlet 'dispatcherServlet'
2019-07-09 16:39:46.938  INFO 9620 --- [http-nio-9095-exec-1] o.s.web.servlet.DispatcherServlet        : Initializing Servlet 'dispatcherServlet'
2019-07-09 16:39:46.946  INFO 9620 --- [http-nio-9095-exec-1] o.s.web.servlet.DispatcherServlet        : Completed initialization in 8 ms
2019-07-09 16:39:47.180  INFO 9620 --- [http-nio-9095-exec-1] com.bms.controller.MultiplexController   : Fetching details of multiplex:{}1
2019-07-09 16:40:55.258  INFO 9620 --- [RMI TCP Connection(2)-127.0.0.1] inMXBeanRegistrar$SpringApplicationAdmin : Application shutdown requested.
2019-07-09 16:40:55.263  INFO 9620 --- [RMI TCP Connection(2)-127.0.0.1] o.s.s.concurrent.ThreadPoolTaskExecutor  : Shutting down ExecutorService 'applicationTaskExecutor'
2019-07-09 16:40:55.266  INFO 9620 --- [RMI TCP Connection(2)-127.0.0.1] j.LocalContainerEntityManagerFactoryBean : Closing JPA EntityManagerFactory for persistence unit 'default'
2019-07-09 16:40:55.268  INFO 9620 --- [RMI TCP Connection(2)-127.0.0.1] com.zaxxer.hikari.HikariDataSource       : HikariPool-1 - Shutdown initiated...
2019-07-09 16:40:55.272  INFO 9620 --- [RMI TCP Connection(2)-127.0.0.1] com.zaxxer.hikari.HikariDataSource       : HikariPool-1 - Shutdown completed.
2019-07-09 17:00:46.188  INFO 5824 --- [main] com.example.bms.BmsApplication           : Starting BmsApplication on Dhalia-PC-15 with PID 5824 (D:\springBoot\bms\target\classes started by Anagha in D:\springBoot\bms)
2019-07-09 17:00:46.190  INFO 5824 --- [main] com.example.bms.BmsApplication           : No active profile set, falling back to default profiles: default
2019-07-09 17:00:46.940  WARN 5824 --- [main] o.m.s.mapper.ClassPathMapperScanner      : No MyBatis mapper was found in '[com.example.bms]' package. Please check your configuration.
2019-07-09 17:00:46.977  INFO 5824 --- [main] .s.d.r.c.RepositoryConfigurationDelegate : Bootstrapping Spring Data repositories in DEFAULT mode.
2019-07-09 17:00:46.987  INFO 5824 --- [main] .s.d.r.c.RepositoryConfigurationDelegate : Finished Spring Data repository scanning in 10ms. Found 0 repository interfaces.
2019-07-09 17:00:47.257  INFO 5824 --- [main] trationDelegate$BeanPostProcessorChecker : Bean 'org.springframework.transaction.annotation.ProxyTransactionManagementConfiguration' of type [org.springframework.transaction.annotation.ProxyTransactionManagementConfiguration$$EnhancerBySpringCGLIB$$58d84393] is not eligible for getting processed by all BeanPostProcessors (for example: not eligible for auto-proxying)
2019-07-09 17:00:47.517  INFO 5824 --- [main] o.s.b.w.embedded.tomcat.TomcatWebServer  : Tomcat initialized with port(s): 9095 (http)
2019-07-09 17:00:47.537  INFO 5824 --- [main] o.apache.catalina.core.StandardService   : Starting service [Tomcat]
2019-07-09 17:00:47.537  INFO 5824 --- [main] org.apache.catalina.core.StandardEngine  : Starting Servlet engine: [Apache Tomcat/9.0.19]
2019-07-09 17:00:47.537  INFO 5824 --- [main] o.a.catalina.core.AprLifecycleListener   : Loaded APR based Apache Tomcat Native library [1.2.21] using APR version [1.6.5].
2019-07-09 17:00:47.537  INFO 5824 --- [main] o.a.catalina.core.AprLifecycleListener   : APR capabilities: IPv6 [true], sendfile [true], accept filters [false], random [true].
2019-07-09 17:00:47.537  INFO 5824 --- [main] o.a.catalina.core.AprLifecycleListener   : APR/OpenSSL configuration: useAprConnector [false], useOpenSSL [true]
2019-07-09 17:00:47.547  INFO 5824 --- [main] o.a.catalina.core.AprLifecycleListener   : OpenSSL successfully initialized [OpenSSL 1.1.1a  20 Nov 2018]
2019-07-09 17:00:47.657  INFO 5824 --- [main] o.a.c.c.C.[Tomcat].[localhost].[/]       : Initializing Spring embedded WebApplicationContext
2019-07-09 17:00:47.657  INFO 5824 --- [main] o.s.web.context.ContextLoader            : Root WebApplicationContext: initialization completed in 1435 ms
2019-07-09 17:00:47.797  INFO 5824 --- [main] com.zaxxer.hikari.HikariDataSource       : HikariPool-1 - Starting...
2019-07-09 17:00:48.151  INFO 5824 --- [main] com.zaxxer.hikari.HikariDataSource       : HikariPool-1 - Start completed.
2019-07-09 17:00:48.201  INFO 5824 --- [main] o.hibernate.jpa.internal.util.LogHelper  : HHH000204: Processing PersistenceUnitInfo [
	name: default
	...]
2019-07-09 17:00:48.253  INFO 5824 --- [main] org.hibernate.Version                    : HHH000412: Hibernate Core {5.3.10.Final}
2019-07-09 17:00:48.256  INFO 5824 --- [main] org.hibernate.cfg.Environment            : HHH000206: hibernate.properties not found
2019-07-09 17:00:48.403  INFO 5824 --- [main] o.hibernate.annotations.common.Version   : HCANN000001: Hibernate Commons Annotations {5.0.4.Final}
2019-07-09 17:00:48.555  INFO 5824 --- [main] org.hibernate.dialect.Dialect            : HHH000400: Using dialect: org.hibernate.dialect.MySQL5Dialect
2019-07-09 17:00:49.234  INFO 5824 --- [main] j.LocalContainerEntityManagerFactoryBean : Initialized JPA EntityManagerFactory for persistence unit 'default'
2019-07-09 17:00:49.536  WARN 5824 --- [main] aWebConfiguration$JpaWebMvcConfiguration : spring.jpa.open-in-view is enabled by default. Therefore, database queries may be performed during view rendering. Explicitly configure spring.jpa.open-in-view to disable this warning
2019-07-09 17:00:49.640  INFO 5824 --- [main] pertySourcedRequestMappingHandlerMapping : Mapped URL path [/v2/api-docs] onto method [public org.springframework.http.ResponseEntity<springfox.documentation.spring.web.json.Json> springfox.documentation.swagger2.web.Swagger2Controller.getDocumentation(java.lang.String,javax.servlet.http.HttpServletRequest)]
2019-07-09 17:00:49.759  INFO 5824 --- [main] o.s.s.concurrent.ThreadPoolTaskExecutor  : Initializing ExecutorService 'applicationTaskExecutor'
2019-07-09 17:00:49.970  INFO 5824 --- [main] .s.s.UserDetailsServiceAutoConfiguration : 

Using generated security password: 965aa0fc-6dfc-4701-8308-e3b936b1fee0

2019-07-09 17:00:50.028  INFO 5824 --- [main] o.s.s.web.DefaultSecurityFilterChain     : Creating filter chain: OrRequestMatcher [requestMatchers=[Ant [pattern='/bms']]], [org.springframework.security.web.context.request.async.WebAsyncManagerIntegrationFilter@3e4f2300, org.springframework.security.web.context.SecurityContextPersistenceFilter@50672905, org.springframework.security.web.header.HeaderWriterFilter@4fdac2a7, org.springframework.security.web.csrf.CsrfFilter@6de33fde, org.springframework.security.web.authentication.logout.LogoutFilter@62883f8a, org.springframework.security.web.savedrequest.RequestCacheAwareFilter@58f290bc, org.springframework.security.web.servletapi.SecurityContextHolderAwareRequestFilter@341ccfd1, org.springframework.security.web.authentication.AnonymousAuthenticationFilter@e706aa, org.springframework.security.web.session.SessionManagementFilter@11015ca0, org.springframework.security.web.access.ExceptionTranslationFilter@3129299f]
2019-07-09 17:00:50.067  INFO 5824 --- [main] d.s.w.p.DocumentationPluginsBootstrapper : Context refreshed
2019-07-09 17:00:50.087  INFO 5824 --- [main] d.s.w.p.DocumentationPluginsBootstrapper : Found 1 custom documentation plugin(s)
2019-07-09 17:00:50.117  INFO 5824 --- [main] s.d.s.w.s.ApiListingReferenceScanner     : Scanning for api listing references
2019-07-09 17:00:50.307  INFO 5824 --- [main] o.s.b.w.embedded.tomcat.TomcatWebServer  : Tomcat started on port(s): 9095 (http) with context path ''
2019-07-09 17:00:50.311  INFO 5824 --- [main] com.example.bms.BmsApplication           : Started BmsApplication in 4.413 seconds (JVM running for 4.883)
2019-07-09 17:01:52.196  INFO 5824 --- [http-nio-9095-exec-1] o.a.c.c.C.[Tomcat].[localhost].[/]       : Initializing Spring DispatcherServlet 'dispatcherServlet'
2019-07-09 17:01:52.197  INFO 5824 --- [http-nio-9095-exec-1] o.s.web.servlet.DispatcherServlet        : Initializing Servlet 'dispatcherServlet'
2019-07-09 17:01:52.205  INFO 5824 --- [http-nio-9095-exec-1] o.s.web.servlet.DispatcherServlet        : Completed initialization in 8 ms
2019-07-09 17:04:44.198  INFO 5824 --- [RMI TCP Connection(2)-127.0.0.1] inMXBeanRegistrar$SpringApplicationAdmin : Application shutdown requested.
2019-07-09 17:04:44.203  INFO 5824 --- [RMI TCP Connection(2)-127.0.0.1] o.s.s.concurrent.ThreadPoolTaskExecutor  : Shutting down ExecutorService 'applicationTaskExecutor'
2019-07-09 17:04:44.205  INFO 5824 --- [RMI TCP Connection(2)-127.0.0.1] j.LocalContainerEntityManagerFactoryBean : Closing JPA EntityManagerFactory for persistence unit 'default'
2019-07-09 17:04:44.207  INFO 5824 --- [RMI TCP Connection(2)-127.0.0.1] com.zaxxer.hikari.HikariDataSource       : HikariPool-1 - Shutdown initiated...
2019-07-09 17:04:44.210  INFO 5824 --- [RMI TCP Connection(2)-127.0.0.1] com.zaxxer.hikari.HikariDataSource       : HikariPool-1 - Shutdown completed.
